This is pdfTeX, Version 3.14159265-2.6-1.40.16 (TeX Live 2015/Debian) (preloaded format=pdflatex 2017.4.7)  20 MAY 2017 16:28
entering extended mode
 restricted \write18 enabled.
 %&-line parsing enabled.
**/home/eduardo-ouriques/git_repository/tcc-proposta/tcc.cls
(/home/eduardo-ouriques/git_repository/tcc-proposta/tcc.cls
LaTeX2e <2016/02/01>
Babel <3.9q> and hyphenation patterns for 81 language(s) loaded.

LaTeX Warning: You have requested package `',
               but the package provides `tcc'.

Package: tcc 2015/04/01 
 ------------------------------------------------------------
 Classe para monografias, teses e dissertações -- PPGCC/PUCRS
 Adaptado para uso em Trabalhos de Conclusão por Marcelo Cohen
 
 Para resolução de problemas ou sugestões, entre em contato pelos
 e-mails <rfbpiccoli at gmail dot com> e <marcelo dot cohen at pucrs dot br>
 ------------------------------------------------------------

! LaTeX Error: Missing \begin{document}.

See the LaTeX manual or LaTeX Companion for explanation.
Type  H <return>  for immediate help.
 ...                                              
                                                  
l.92 \let\PP@l
              anguage\PP@brazil 
Here is how much of TeX's memory you used:
 10 strings out of 493029
 413 string characters out of 6136235
 53266 words of memory out of 5000000
 3643 multiletter control sequences out of 15000+600000
 3640 words of font info for 14 fonts, out of 8000000 for 9000
 1141 hyphenation exceptions out of 8191
 7i,0n,8p,162b,14s stack positions out of 5000i,500n,10000p,200000b,80000s

!  ==> Fatal error occurred, no output PDF file produced!
